<?xml version="1.0" encoding="UTF-8"?>
<testng-results ignored="0" total="1" passed="1" failed="0" skipped="0">
  <reporter-output>
  </reporter-output>
  <suite started-at="2023-08-13T13:53:26 IST" name="Suite" finished-at="2023-08-13T13:54:45 IST" duration-ms="79002">
    <groups>
    </groups>
    <test started-at="2023-08-13T13:53:26 IST" name="Test" finished-at="2023-08-13T13:54:45 IST" duration-ms="79002">
      <class name="testCases.asfasfa">
        <test-method is-config="true" signature="setup(java.lang.String)[pri:0, instance:testCases.asfasfa@55a147cc]" started-at="2023-08-13T13:53:27 IST" name="setup" finished-at="2023-08-13T13:54:08 IST" duration-ms="41044" status="PASS">
          <params>
            <param index="0">
              <value>
                <![CDATA[chrome]]>
              </value>
            </param>
          </params>
          <reporter-output>
          </reporter-output>
        </test-method> <!-- setup -->
        <test-method signature="login()[pri:0, instance:testCases.asfasfa@55a147cc]" started-at="2023-08-13T13:54:08 IST" name="login" finished-at="2023-08-13T13:54:41 IST" duration-ms="33673" status="PASS">
          <reporter-output>
          </reporter-output>
        </test-method> <!-- login -->
        <test-method is-config="true" signature="tearDown()[pri:0, instance:testCases.asfasfa@55a147cc]" started-at="2023-08-13T13:54:41 IST" name="tearDown" finished-at="2023-08-13T13:54:45 IST" duration-ms="3405" status="PASS">
          <reporter-output>
          </reporter-output>
        </test-method> <!-- tearDown -->
      </class> <!-- testCases.asfasfa -->
    </test> <!-- Test -->
  </suite> <!-- Suite -->
</testng-results>
